{"level":"info","message":"Hello from Acquisitions API","service":"Acquisitions-API"}
{"level":"info","message":"::1 - - [27/May/2026:18:35:06 +0000] \"GET / HTTP/1.1\" 304 - \"-\" \"Mozilla/5.0 (Windows NT 10.0; Win64; x64) AppleWebKit/537.36 (KHTML, like Gecko) Code/1.120.0 Chrome/142.0.7444.265 Electron/39.8.8 Safari/537.36\"","service":"Acquisitions-API"}
{"level":"info","message":"Hello from Acquisitions API","service":"Acquisitions-API"}
{"level":"info","message":"::1 - - [28/May/2026:14:16:28 +0000] \"GET / HTTP/1.1\" 304 - \"-\" \"Mozilla/5.0 (Windows NT 10.0; Win64; x64) AppleWebKit/537.36 (KHTML, like Gecko) Code/1.120.0 Chrome/142.0.7444.265 Electron/39.8.8 Safari/537.36\"","service":"Acquisitions-API"}
{"level":"info","message":"Hello from Acquisitions API","service":"Acquisitions-API"}
{"level":"info","message":"::1 - - [28/May/2026:14:17:03 +0000] \"GET / HTTP/1.1\" 304 - \"-\" \"Mozilla/5.0 (Windows NT 10.0; Win64; x64) AppleWebKit/537.36 (KHTML, like Gecko) Code/1.120.0 Chrome/142.0.7444.265 Electron/39.8.8 Safari/537.36\"","service":"Acquisitions-API"}
{"level":"info","message":"::1 - - [28/May/2026:14:17:30 +0000] \"GET /health HTTP/1.1\" 200 75 \"-\" \"Mozilla/5.0 (Windows NT 10.0; Win64; x64) AppleWebKit/537.36 (KHTML, like Gecko) Code/1.120.0 Chrome/142.0.7444.265 Electron/39.8.8 Safari/537.36\"","service":"Acquisitions-API"}
{"level":"info","message":"Hello from Acquisitions API","service":"Acquisitions-API"}
{"level":"info","message":"::1 - - [28/May/2026:14:23:08 +0000] \"GET / HTTP/1.1\" 200 31 \"-\" \"PostmanRuntime/7.51.0\"","service":"Acquisitions-API"}
{"level":"info","message":"::1 - - [28/May/2026:14:23:17 +0000] \"GET /health HTTP/1.1\" 200 75 \"-\" \"PostmanRuntime/7.51.0\"","service":"Acquisitions-API"}
{"level":"info","message":"::1 - - [28/May/2026:14:23:26 +0000] \"GET /api HTTP/1.1\" 200 67 \"-\" \"PostmanRuntime/7.51.0\"","service":"Acquisitions-API"}
{"level":"info","message":"Hello from Acquisitions API","service":"Acquisitions-API"}
{"level":"info","message":"::1 - - [28/May/2026:14:23:32 +0000] \"GET / HTTP/1.1\" 200 31 \"-\" \"PostmanRuntime/7.51.0\"","service":"Acquisitions-API"}
{"level":"info","message":"::1 - - [28/May/2026:14:23:36 +0000] \"POST / HTTP/1.1\" 404 140 \"-\" \"PostmanRuntime/7.51.0\"","service":"Acquisitions-API"}
{"level":"info","message":"::1 - - [28/May/2026:14:25:43 +0000] \"POST /api/auth/sign-in HTTP/1.1\" 200 32 \"-\" \"PostmanRuntime/7.51.0\"","service":"Acquisitions-API"}
{"level":"info","message":"Hello from Acquisitions API","service":"Acquisitions-API"}
{"level":"info","message":"::1 - - [28/May/2026:17:21:11 +0000] \"GET / HTTP/1.1\" 304 - \"-\" \"Mozilla/5.0 (Windows NT 10.0; Win64; x64) AppleWebKit/537.36 (KHTML, like Gecko) Code/1.120.0 Chrome/142.0.7444.265 Electron/39.8.8 Safari/537.36\"","service":"Acquisitions-API"}
{"level":"error","message":"Error during sign-up signupSchema is not defined","service":"Acquisitions-API","stack":"ReferenceError: signupSchema is not defined\n    at signup (file:///C:/Users/dawoo/OneDrive/Desktop/Acquisition/Acquisitions-API/src/controllers/auth.controller.js:8:34)\n    at Layer.handleRequest (C:\\Users\\dawoo\\OneDrive\\Desktop\\Acquisition\\Acquisitions-API\\node_modules\\router\\lib\\layer.js:152:17)\n    at next (C:\\Users\\dawoo\\OneDrive\\Desktop\\Acquisition\\Acquisitions-API\\node_modules\\router\\lib\\route.js:157:13)\n    at Route.dispatch (C:\\Users\\dawoo\\OneDrive\\Desktop\\Acquisition\\Acquisitions-API\\node_modules\\router\\lib\\route.js:117:3)\n    at handle (C:\\Users\\dawoo\\OneDrive\\Desktop\\Acquisition\\Acquisitions-API\\node_modules\\router\\index.js:435:11)\n    at Layer.handleRequest (C:\\Users\\dawoo\\OneDrive\\Desktop\\Acquisition\\Acquisitions-API\\node_modules\\router\\lib\\layer.js:152:17)\n    at C:\\Users\\dawoo\\OneDrive\\Desktop\\Acquisition\\Acquisitions-API\\node_modules\\router\\index.js:295:15\n    at processParams (C:\\Users\\dawoo\\OneDrive\\Desktop\\Acquisition\\Acquisitions-API\\node_modules\\router\\index.js:582:12)\n    at next (C:\\Users\\dawoo\\OneDrive\\Desktop\\Acquisition\\Acquisitions-API\\node_modules\\router\\index.js:291:5)\n    at Function.handle (C:\\Users\\dawoo\\OneDrive\\Desktop\\Acquisition\\Acquisitions-API\\node_modules\\router\\index.js:186:3)"}
{"level":"info","message":"::1 - - [28/May/2026:17:21:23 +0000] \"POST /api/auth/sign-up HTTP/1.1\" 500 1492 \"-\" \"PostmanRuntime/7.51.0\"","service":"Acquisitions-API"}
{"level":"info","message":"::1 - - [28/May/2026:17:22:17 +0000] \"POST /api/auth/sign-up HTTP/1.1\" 400 92 \"-\" \"PostmanRuntime/7.51.0\"","service":"Acquisitions-API"}
{"level":"info","message":"::1 - - [28/May/2026:17:25:29 +0000] \"POST /api/auth/sign-up HTTP/1.1\" 400 92 \"-\" \"PostmanRuntime/7.51.0\"","service":"Acquisitions-API"}
{"level":"info","message":"::1 - - [28/May/2026:17:25:44 +0000] \"POST /api/auth/sign-up HTTP/1.1\" 400 92 \"-\" \"PostmanRuntime/7.51.0\"","service":"Acquisitions-API"}
{"level":"info","message":"::1 - - [28/May/2026:17:26:35 +0000] \"POST /api/auth/sign-up?name=dawood&email=dawood@123 HTTP/1.1\" 400 92 \"-\" \"PostmanRuntime/7.51.0\"","service":"Acquisitions-API"}
{"level":"info","message":"::1 - - [28/May/2026:17:26:57 +0000] \"POST /api/auth/sign-up?name=dawood&email=dawood@123 HTTP/1.1\" 400 92 \"-\" \"PostmanRuntime/7.51.0\"","service":"Acquisitions-API"}
{"level":"info","message":"::1 - - [28/May/2026:17:27:43 +0000] \"POST /api/auth/sign-up?name=dawood&email=dawood@123 HTTP/1.1\" 400 92 \"-\" \"PostmanRuntime/7.51.0\"","service":"Acquisitions-API"}
{"level":"info","message":"::1 - - [28/May/2026:17:28:09 +0000] \"POST /api/auth/sign-up?name=dawood&email=dawood@123 HTTP/1.1\" 400 92 \"-\" \"PostmanRuntime/7.51.0\"","service":"Acquisitions-API"}
{"level":"info","message":"::1 - - [28/May/2026:17:28:09 +0000] \"POST /api/auth/sign-up?name=dawood&email=dawood@123 HTTP/1.1\" 400 92 \"-\" \"PostmanRuntime/7.51.0\"","service":"Acquisitions-API"}
{"level":"info","message":"Hello from Acquisitions API","service":"Acquisitions-API","timestamp":"2026-05-28T18:08:29.523Z"}
{"level":"info","message":"::1 - - [28/May/2026:18:08:29 +0000] \"GET / HTTP/1.1\" 304 - \"-\" \"Mozilla/5.0 (Windows NT 10.0; Win64; x64) AppleWebKit/537.36 (KHTML, like Gecko) Code/1.120.0 Chrome/142.0.7444.265 Electron/39.8.8 Safari/537.36\"","service":"Acquisitions-API","timestamp":"2026-05-28T18:08:29.580Z"}
{"level":"info","message":"::1 - - [28/May/2026:18:08:40 +0000] \"POST /api/auth/sign-up HTTP/1.1\" 400 92 \"-\" \"PostmanRuntime/7.51.0\"","service":"Acquisitions-API","timestamp":"2026-05-28T18:08:40.620Z"}
{"level":"info","message":"::1 - - [28/May/2026:18:08:50 +0000] \"POST /api/auth/sign-up HTTP/1.1\" 400 92 \"-\" \"PostmanRuntime/7.51.0\"","service":"Acquisitions-API","timestamp":"2026-05-28T18:08:50.139Z"}
{"level":"info","message":"::1 - - [28/May/2026:18:11:13 +0000] \"POST /api/auth/sign-up HTTP/1.1\" 400 92 \"-\" \"PostmanRuntime/7.51.0\"","service":"Acquisitions-API","timestamp":"2026-05-28T18:11:13.073Z"}
{"level":"info","message":"::1 - - [28/May/2026:18:12:28 +0000] \"POST /api/auth/sign-up HTTP/1.1\" 400 92 \"-\" \"PostmanRuntime/7.51.0\"","service":"Acquisitions-API","timestamp":"2026-05-28T18:12:28.886Z"}
{"level":"info","message":"::1 - - [28/May/2026:18:12:34 +0000] \"POST /api/auth/sign-up HTTP/1.1\" 400 92 \"-\" \"PostmanRuntime/7.51.0\"","service":"Acquisitions-API","timestamp":"2026-05-28T18:12:34.675Z"}
{"level":"info","message":"::1 - - [28/May/2026:18:15:51 +0000] \"POST /api/auth/sign-up HTTP/1.1\" 400 92 \"-\" \"PostmanRuntime/7.51.0\"","service":"Acquisitions-API","timestamp":"2026-05-28T18:15:51.124Z"}
{"level":"info","message":"::1 - - [28/May/2026:18:16:31 +0000] \"POST /api/auth/sign-up HTTP/1.1\" 400 92 \"-\" \"PostmanRuntime/7.51.0\"","service":"Acquisitions-API","timestamp":"2026-05-28T18:16:31.390Z"}
